# count qid relative difference% low similarity in rel-rel % high similarity in rel-irr% nodifference count total number
1 85 100.00% 0.00% 1.40% 3 3
2 131 100.00% 16.67% 6.02% 4 4
3 140 100.00% 33.33% 0.60% 4 4
4 278 100.00% 0.00% 29.44% 4 4
5 245 88.89% 8.33% 16.36% 8 9
6 258 81.43% 44.22% 8.97% 57 70
7 113 75.00% 3.57% 17.18% 6 8
8 170 75.00% 31.88% 3.70% 18 24
9 28 72.73% 43.29% 2.89% 16 22
10 195 66.67% 42.39% 1.32% 16 24
11 294 64.23% 49.47% 3.13% 167 260
12 122 60.00% 60.00% 7.57% 3 5
13 34 55.56% 38.89% 4.24% 5 9
14 269 55.56% 36.18% 2.45% 15 27
15 273 55.00% 11.41% 20.06% 22 40
16 7 50.00% 0.00% 0.90% 2 4
17 115 50.00% 33.33% 0.68% 2 4
18 74 48.78% 47.93% 2.76% 20 41
19 35 46.67% 22.86% 3.03% 7 15
20 178 45.28% 3.34% 15.81% 24 53
21 165 45.16% 38.92% 3.46% 14 31
22 58 42.86% 14.29% 3.83% 3 7
23 244 41.18% 6.62% 9.01% 7 17
24 126 40.00% 0.00% 26.93% 2 5
25 218 37.96% 13.39% 10.27% 52 137
26 144 37.11% 65.81% 1.42% 36 97
27 242 36.00% 16.33% 1.69% 9 25
28 73 35.71% 40.21% 2.58% 10 28
29 53 33.33% 0.00% 3.17% 2 6
30 135 33.33% 0.00% 48.25% 1 3
31 61 32.50% 31.92% 3.76% 39 120
32 198 27.59% 38.29% 3.71% 16 58
33 102 27.27% 33.33% 1.82% 6 22
34 134 26.09% 42.69% 0.66% 6 23
35 243 25.97% 36.23% 3.71% 20 77
36 69 25.00% 0.00% 7.47% 1 4
37 93 25.00% 10.71% 4.42% 2 8
38 192 24.76% 41.28% 0.82% 26 105
39 274 24.00% 1.25% 24.00% 24 100
40 270 22.73% 15.90% 24.48% 15 66
41 193 22.58% 20.71% 1.90% 21 93
42 96 22.33% 20.86% 7.35% 23 103
43 94 22.22% 17.65% 0.95% 4 18
44 78 20.00% 6.36% 9.25% 9 45
45 132 20.00% 12.65% 3.95% 10 50
46 237 20.00% 0.00% 22.01% 2 10
47 146 18.75% 26.67% 1.06% 3 16
48 164 17.95% 53.65% 0.47% 14 78
49 187 17.78% 5.15% 15.05% 8 45
50 137 17.46% 32.69% 3.53% 33 189
51 130 17.02% 13.94% 21.29% 48 282
52 77 16.67% 34.31% 0.70% 8 48
53 209 15.38% 5.13% 2.37% 2 13
54 129 14.81% 1.14% 6.61% 4 27
55 213 14.63% 0.00% 32.45% 12 82
56 161 14.29% 0.00% 7.83% 1 7
57 186 13.86% 41.82% 1.41% 28 202
58 220 13.85% 37.55% 6.24% 9 65
59 159 12.90% 33.55% 1.08% 4 31
60 111 12.77% 9.97% 8.94% 18 141
61 17 12.50% 3.63% 5.72% 6 48
62 42 12.50% 25.00% 2.69% 1 8
63 60 12.20% 27.67% 1.41% 31 254
64 136 12.12% 6.25% 6.17% 4 33
65 182 11.90% 3.91% 25.71% 30 252
66 189 11.11% 11.11% 0.48% 3 27
67 116 11.05% 13.57% 2.67% 20 181
68 105 11.01% 28.95% 1.19% 12 109
69 210 10.81% 0.00% 20.72% 4 37
70 8 10.31% 34.21% 1.61% 10 97
71 29 10.00% 17.78% 1.22% 1 10
72 183 9.68% 16.99% 3.75% 3 31
73 52 9.52% 6.19% 1.14% 2 21
74 288 9.22% 10.13% 22.57% 13 141
75 249 9.09% 5.81% 7.72% 4 44
76 30 8.33% 2.17% 12.93% 2 24
77 110 8.20% 23.66% 2.58% 5 61
78 185 7.41% 0.15% 32.31% 6 81
79 9 6.99% 23.72% 5.04% 10 143
80 138 6.67% 32.38% 0.10% 1 15
81 36 6.25% 7.09% 6.02% 3 48
82 44 5.88% 0.00% 23.43% 1 17
83 98 5.88% 2.14% 7.48% 2 34
84 176 5.88% 12.50% 3.59% 1 17
85 222 5.49% 2.22% 20.87% 5 91
86 12 5.36% 22.79% 3.36% 12 224
87 233 5.33% 2.23% 4.97% 4 75
88 103 5.17% 0.79% 6.76% 3 58
89 90 4.88% 9.02% 5.84% 2 41
90 169 4.85% 0.99% 34.92% 5 103
91 104 4.76% 0.95% 16.62% 1 21
92 63 4.63% 36.74% 3.77% 5 108
93 177 4.55% 0.00% 50.94% 2 44
94 108 4.11% 29.60% 5.37% 3 73
95 107 3.85% 10.56% 7.31% 2 52
96 38 3.83% 27.79% 1.22% 7 183
97 171 3.66% 16.11% 4.58% 3 82
98 174 3.64% 3.30% 19.70% 2 55
99 76 3.57% 0.53% 11.74% 1 28
100 181 3.33% 0.00% 15.10% 1 30
101 191 3.33% 10.57% 9.98% 1 30
102 153 3.31% 16.45% 2.84% 4 121
103 127 3.23% 17.70% 4.65% 4 124
104 277 3.23% 11.05% 13.38% 2 62
105 57 3.07% 25.10% 1.60% 8 261
106 59 3.03% 1.33% 9.24% 1 33
107 67 3.03% 0.00% 17.06% 1 33
108 10 2.99% 13.12% 3.69% 2 67
109 180 2.82% 6.56% 4.96% 2 71
110 226 2.78% 7.43% 2.14% 2 72
111 253 2.74% 3.16% 28.09% 4 146
112 80 2.59% 27.78% 2.41% 5 193
113 215 2.52% 4.79% 6.47% 3 119
114 39 2.50% 8.01% 3.46% 2 80
115 216 2.35% 15.74% 3.29% 6 255
116 68 2.22% 18.28% 5.05% 1 45
117 194 2.13% 0.28% 14.61% 1 47
118 45 2.00% 4.00% 10.51% 2 100
119 145 1.98% 31.15% 2.18% 2 101
120 128 1.67% 2.71% 16.13% 1 60
121 97 1.59% 0.05% 15.33% 1 63
122 99 1.59% 5.58% 5.74% 1 63
123 299 1.50% 0.00% 25.02% 2 133
124 155 1.49% 10.40% 13.09% 1 67
125 18 1.46% 13.63% 3.17% 2 137
126 184 1.45% 0.00% 40.19% 1 69
127 207 1.22% 2.35% 12.25% 1 82
128 101 1.19% 8.06% 3.67% 1 84
129 64 1.06% 4.28% 11.57% 1 94
130 88 1.03% 7.04% 14.40% 1 97
131 123 1.02% 0.78% 12.01% 1 98
132 279 1.02% 4.52% 17.69% 1 98
133 32 0.97% 16.05% 4.98% 3 310
134 201 0.95% 2.00% 11.23% 2 210
135 281 0.95% 0.15% 23.17% 1 105
136 285 0.47% 6.66% 10.95% 1 215
137 117 0.43% 3.39% 26.59% 1 234
138 11 0.38% 7.75% 5.29% 1 261
139 1 0.00% 0.00% 8.75% 0 2
140 3 0.00% 1.07% 4.74% 0 115
141 4 0.00% 0.19% 9.86% 0 66
142 13 0.00% 0.00% 0.00% 0 2
143 16 0.00% 0.00% 0.20% 0 8
144 22 0.00% 0.00% 9.39% 0 2
145 24 0.00% 13.16% 7.99% 0 71
146 25 0.00% 1.14% 9.14% 0 115
147 26 0.00% 3.31% 6.04% 0 200
148 31 0.00% 0.14% 14.30% 0 85
149 33 0.00% 2.00% 10.82% 0 63
150 43 0.00% 0.00% 11.19% 0 5
151 46 0.00% 0.00% 0.25% 0 3
152 47 0.00% 2.07% 8.71% 0 132
153 48 0.00% 0.00% 0.00% 0 2
154 49 0.00% 0.00% 0.63% 0 6
155 50 0.00% 0.00% 7.27% 0 29
156 51 0.00% 0.05% 23.44% 0 110
157 55 0.00% 0.04% 19.84% 0 73
158 65 0.00% 0.03% 11.12% 0 77
159 66 0.00% 0.00% 15.37% 0 19
160 70 0.00% 11.74% 11.56% 0 94
161 71 0.00% 0.00% 12.17% 0 9
162 72 0.00% 1.71% 22.88% 0 77
163 75 0.00% 3.11% 24.39% 0 125
164 81 0.00% 2.68% 21.32% 0 61
165 82 0.00% 0.43% 7.17% 0 75
166 83 0.00% 0.00% 7.37% 0 60
167 84 0.00% 0.02% 55.98% 0 112
168 87 0.00% 0.26% 18.24% 0 79
169 89 0.00% 1.47% 22.75% 0 126
170 92 0.00% 0.00% 17.26% 0 10
171 106 0.00% 8.89% 2.22% 0 10
172 109 0.00% 0.00% 3.18% 0 11
173 114 0.00% 3.69% 8.10% 0 26
174 118 0.00% 0.27% 4.45% 0 48
175 119 0.00% 0.00% 20.67% 0 71
176 120 0.00% 0.00% 5.57% 0 24
177 121 0.00% 4.06% 11.00% 0 78
178 124 0.00% 16.79% 2.60% 0 63
179 125 0.00% 0.65% 9.55% 0 47
180 133 0.00% 1.38% 40.28% 0 140
181 139 0.00% 0.00% 9.37% 0 24
182 141 0.00% 0.36% 2.37% 0 34
183 142 0.00% 0.00% 10.77% 0 45
184 143 0.00% 48.33% 0.17% 0 25
185 147 0.00% 0.58% 12.85% 0 177
186 148 0.00% 0.09% 24.23% 0 80
187 149 0.00% 0.00% 43.20% 0 62
188 150 0.00% 0.00% 11.45% 0 4
189 151 0.00% 5.75% 1.44% 0 148
190 152 0.00% 0.00% 17.65% 0 8
191 154 0.00% 10.47% 11.18% 0 58
192 156 0.00% 3.91% 11.72% 0 108
193 157 0.00% 0.06% 34.87% 0 58
194 158 0.00% 0.21% 5.23% 0 131
195 160 0.00% 0.00% 13.61% 0 6
196 162 0.00% 0.00% 1.17% 0 32
197 163 0.00% 5.58% 4.71% 0 112
198 166 0.00% 12.25% 5.38% 0 23
199 167 0.00% 0.00% 13.95% 0 58
200 168 0.00% 3.66% 4.51% 0 41
201 172 0.00% 4.09% 6.35% 0 174
202 173 0.00% 0.15% 17.64% 0 64
203 175 0.00% 0.07% 8.67% 0 121
204 179 0.00% 0.00% 23.99% 0 11
205 188 0.00% 0.00% 12.66% 0 15
206 190 0.00% 15.26% 0.35% 0 20
207 196 0.00% 0.00% 9.20% 0 122
208 197 0.00% 13.20% 4.15% 0 113
209 199 0.00% 7.01% 4.69% 0 194
210 200 0.00% 9.23% 6.68% 0 26
211 206 0.00% 0.00% 28.74% 0 159
212 208 0.00% 0.00% 14.13% 0 39
213 212 0.00% 0.00% 13.21% 0 18
214 235 0.00% 0.00% 26.29% 0 14
215 247 0.00% 8.33% 13.19% 0 24
216 254 0.00% 0.43% 26.19% 0 133
217 255 0.00% 0.00% 3.16% 0 5
218 257 0.00% 4.91% 1.78% 0 105
219 259 0.00% 2.35% 9.79% 0 112
220 260 0.00% 0.00% 49.82% 0 24
221 265 0.00% 0.00% 26.62% 0 21
222 272 0.00% 0.52% 22.82% 0 227
223 275 0.00% 0.00% 18.18% 0 24
224 289 0.00% 0.00% 67.72% 0 47
225 290 0.00% 8.05% 3.55% 0 30
226 291 0.00% 16.02% 3.20% 0 22
227 297 0.00% 2.27% 16.58% 0 164
