# count qid relative difference% low similarity in rel-rel % high similarity in rel-irr% nodifference count total number
1 7 100.00% 0.00% 0.90% 4 4
2 115 100.00% 33.33% 0.68% 4 4
3 122 100.00% 60.00% 7.57% 5 5
4 131 100.00% 16.67% 6.02% 4 4
5 140 100.00% 33.33% 0.60% 4 4
6 34 88.89% 38.89% 4.24% 8 9
7 245 88.89% 8.33% 16.36% 8 9
8 126 80.00% 0.00% 26.93% 4 5
9 255 80.00% 0.00% 3.16% 4 5
10 258 80.00% 44.22% 8.97% 56 70
11 42 75.00% 25.00% 2.69% 6 8
12 170 75.00% 31.88% 3.70% 18 24
13 278 75.00% 0.00% 29.44% 3 4
14 195 70.83% 42.39% 1.32% 17 24
15 28 68.18% 43.29% 2.89% 15 22
16 85 66.67% 0.00% 1.40% 2 3
17 135 66.67% 0.00% 48.25% 2 3
18 294 64.62% 49.47% 3.13% 168 260
19 113 62.50% 3.57% 17.18% 5 8
20 269 59.26% 36.18% 2.45% 16 27
21 74 56.10% 47.93% 2.76% 23 41
22 244 52.94% 6.62% 9.01% 9 17
23 273 47.50% 11.41% 20.06% 19 40
24 178 45.28% 3.34% 15.81% 24 53
25 165 45.16% 38.92% 3.46% 14 31
26 58 42.86% 14.29% 3.83% 3 7
27 144 40.21% 65.81% 1.42% 39 97
28 35 40.00% 22.86% 3.03% 6 15
29 218 38.69% 13.39% 10.27% 53 137
30 134 34.78% 42.69% 0.66% 8 23
31 73 32.14% 40.21% 2.58% 9 28
32 61 31.67% 31.92% 3.76% 38 120
33 146 31.25% 26.67% 1.06% 5 16
34 198 31.03% 38.29% 3.71% 18 58
35 102 27.27% 33.33% 1.82% 6 22
36 192 26.67% 41.28% 0.82% 28 105
37 243 25.97% 36.23% 3.71% 20 77
38 270 25.76% 15.90% 24.48% 17 66
39 93 25.00% 10.71% 4.42% 2 8
40 152 25.00% 0.00% 17.65% 2 8
41 242 24.00% 16.33% 1.69% 6 25
42 193 22.58% 20.71% 1.90% 21 93
43 96 22.33% 20.86% 7.35% 23 103
44 94 22.22% 17.65% 0.95% 4 18
45 274 22.00% 1.25% 24.00% 22 100
46 164 20.51% 53.65% 0.47% 16 78
47 130 20.21% 13.94% 21.29% 57 282
48 77 18.75% 34.31% 0.70% 9 48
49 68 17.78% 18.28% 5.05% 8 45
50 78 17.78% 6.36% 9.25% 8 45
51 137 17.46% 32.69% 3.53% 33 189
52 132 16.00% 12.65% 3.95% 8 50
53 209 15.38% 5.13% 2.37% 2 13
54 213 14.63% 0.00% 32.45% 12 82
55 186 13.86% 41.82% 1.41% 28 202
56 220 13.85% 37.55% 6.24% 9 65
57 159 12.90% 33.55% 1.08% 4 31
58 111 12.77% 9.97% 8.94% 18 141
59 60 12.60% 27.67% 1.41% 32 254
60 182 12.30% 3.91% 25.71% 31 252
61 116 11.05% 13.57% 2.67% 20 181
62 17 10.42% 3.63% 5.72% 5 48
63 105 10.09% 28.95% 1.19% 11 109
64 29 10.00% 17.78% 1.22% 1 10
65 183 9.68% 16.99% 3.75% 3 31
66 52 9.52% 6.19% 1.14% 2 21
67 8 9.28% 34.21% 1.61% 9 97
68 288 9.22% 10.13% 22.57% 13 141
69 136 9.09% 6.25% 6.17% 3 33
70 187 8.89% 5.15% 15.05% 4 45
71 185 7.41% 0.15% 32.31% 6 81
72 189 7.41% 11.11% 0.48% 2 27
73 249 6.82% 5.81% 7.72% 3 44
74 138 6.67% 32.38% 0.10% 1 15
75 9 6.29% 23.72% 5.04% 9 143
76 222 5.49% 2.22% 20.87% 5 91
77 210 5.41% 0.00% 20.72% 2 37
78 12 5.36% 22.79% 3.36% 12 224
79 233 5.33% 2.23% 4.97% 4 75
80 90 4.88% 9.02% 5.84% 2 41
81 169 4.85% 0.99% 34.92% 5 103
82 104 4.76% 0.95% 16.62% 1 21
83 63 4.63% 36.74% 3.77% 5 108
84 108 4.11% 29.60% 5.37% 3 73
85 143 4.00% 48.33% 0.17% 1 25
86 107 3.85% 10.56% 7.31% 2 52
87 200 3.85% 9.23% 6.68% 1 26
88 171 3.66% 16.11% 4.58% 3 82
89 174 3.64% 3.30% 19.70% 2 55
90 57 3.45% 25.10% 1.60% 9 261
91 103 3.45% 0.79% 6.76% 2 58
92 181 3.33% 0.00% 15.10% 1 30
93 153 3.31% 16.45% 2.84% 4 121
94 38 3.28% 27.79% 1.22% 6 183
95 127 3.23% 17.70% 4.65% 4 124
96 277 3.23% 11.05% 13.38% 2 62
97 124 3.17% 16.79% 2.60% 2 63
98 67 3.03% 0.00% 17.06% 1 33
99 10 2.99% 13.12% 3.69% 2 67
100 98 2.94% 2.14% 7.48% 1 34
101 180 2.82% 6.56% 4.96% 2 71
102 226 2.78% 7.43% 2.14% 2 72
103 216 2.75% 15.74% 3.29% 7 255
104 253 2.74% 3.16% 28.09% 4 146
105 80 2.59% 27.78% 2.41% 5 193
106 177 2.27% 0.00% 50.94% 1 44
107 194 2.13% 0.28% 14.61% 1 47
108 36 2.08% 7.09% 6.02% 1 48
109 45 2.00% 4.00% 10.51% 2 100
110 145 1.98% 31.15% 2.18% 2 101
111 215 1.68% 4.79% 6.47% 2 119
112 128 1.67% 2.71% 16.13% 1 60
113 110 1.64% 23.66% 2.58% 1 61
114 97 1.59% 0.05% 15.33% 1 63
115 99 1.59% 5.58% 5.74% 1 63
116 299 1.50% 0.00% 25.02% 2 133
117 155 1.49% 10.40% 13.09% 1 67
118 18 1.46% 13.63% 3.17% 2 137
119 64 1.06% 4.28% 11.57% 1 94
120 88 1.03% 7.04% 14.40% 1 97
121 123 1.02% 0.78% 12.01% 1 98
122 279 1.02% 4.52% 17.69% 1 98
123 32 0.97% 16.05% 4.98% 3 310
124 201 0.95% 2.00% 11.23% 2 210
125 281 0.95% 0.15% 23.17% 1 105
126 117 0.43% 3.39% 26.59% 1 234
127 11 0.38% 7.75% 5.29% 1 261
128 1 0.00% 0.00% 8.75% 0 2
129 3 0.00% 1.07% 4.74% 0 115
130 4 0.00% 0.19% 9.86% 0 66
131 13 0.00% 0.00% 0.00% 0 2
132 16 0.00% 0.00% 0.20% 0 8
133 22 0.00% 0.00% 9.39% 0 2
134 24 0.00% 13.16% 7.99% 0 71
135 25 0.00% 1.14% 9.14% 0 115
136 26 0.00% 3.31% 6.04% 0 200
137 30 0.00% 2.17% 12.93% 0 24
138 31 0.00% 0.14% 14.30% 0 85
139 33 0.00% 2.00% 10.82% 0 63
140 39 0.00% 8.01% 3.46% 0 80
141 43 0.00% 0.00% 11.19% 0 5
142 44 0.00% 0.00% 23.43% 0 17
143 46 0.00% 0.00% 0.25% 0 3
144 47 0.00% 2.07% 8.71% 0 132
145 48 0.00% 0.00% 0.00% 0 2
146 49 0.00% 0.00% 0.63% 0 6
147 50 0.00% 0.00% 7.27% 0 29
148 51 0.00% 0.05% 23.44% 0 110
149 53 0.00% 0.00% 3.17% 0 6
150 55 0.00% 0.04% 19.84% 0 73
151 59 0.00% 1.33% 9.24% 0 33
152 65 0.00% 0.03% 11.12% 0 77
153 66 0.00% 0.00% 15.37% 0 19
154 69 0.00% 0.00% 7.47% 0 4
155 70 0.00% 11.74% 11.56% 0 94
156 71 0.00% 0.00% 12.17% 0 9
157 72 0.00% 1.71% 22.88% 0 77
158 75 0.00% 3.11% 24.39% 0 125
159 76 0.00% 0.53% 11.74% 0 28
160 81 0.00% 2.68% 21.32% 0 61
161 82 0.00% 0.43% 7.17% 0 75
162 83 0.00% 0.00% 7.37% 0 60
163 84 0.00% 0.02% 55.98% 0 112
164 87 0.00% 0.26% 18.24% 0 79
165 89 0.00% 1.47% 22.75% 0 126
166 92 0.00% 0.00% 17.26% 0 10
167 101 0.00% 8.06% 3.67% 0 84
168 106 0.00% 8.89% 2.22% 0 10
169 109 0.00% 0.00% 3.18% 0 11
170 114 0.00% 3.69% 8.10% 0 26
171 118 0.00% 0.27% 4.45% 0 48
172 119 0.00% 0.00% 20.67% 0 71
173 120 0.00% 0.00% 5.57% 0 24
174 121 0.00% 4.06% 11.00% 0 78
175 125 0.00% 0.65% 9.55% 0 47
176 129 0.00% 1.14% 6.61% 0 27
177 133 0.00% 1.38% 40.28% 0 140
178 139 0.00% 0.00% 9.37% 0 24
179 141 0.00% 0.36% 2.37% 0 34
180 142 0.00% 0.00% 10.77% 0 45
181 147 0.00% 0.58% 12.85% 0 177
182 148 0.00% 0.09% 24.23% 0 80
183 149 0.00% 0.00% 43.20% 0 62
184 150 0.00% 0.00% 11.45% 0 4
185 151 0.00% 5.75% 1.44% 0 148
186 154 0.00% 10.47% 11.18% 0 58
187 156 0.00% 3.91% 11.72% 0 108
188 157 0.00% 0.06% 34.87% 0 58
189 158 0.00% 0.21% 5.23% 0 131
190 160 0.00% 0.00% 13.61% 0 6
191 161 0.00% 0.00% 7.83% 0 7
192 162 0.00% 0.00% 1.17% 0 32
193 163 0.00% 5.58% 4.71% 0 112
194 166 0.00% 12.25% 5.38% 0 23
195 167 0.00% 0.00% 13.95% 0 58
196 168 0.00% 3.66% 4.51% 0 41
197 172 0.00% 4.09% 6.35% 0 174
198 173 0.00% 0.15% 17.64% 0 64
199 175 0.00% 0.07% 8.67% 0 121
200 176 0.00% 12.50% 3.59% 0 17
201 179 0.00% 0.00% 23.99% 0 11
202 184 0.00% 0.00% 40.19% 0 69
203 188 0.00% 0.00% 12.66% 0 15
204 190 0.00% 15.26% 0.35% 0 20
205 191 0.00% 10.57% 9.98% 0 30
206 196 0.00% 0.00% 9.20% 0 122
207 197 0.00% 13.20% 4.15% 0 113
208 199 0.00% 7.01% 4.69% 0 194
209 206 0.00% 0.00% 28.74% 0 159
210 207 0.00% 2.35% 12.25% 0 82
211 208 0.00% 0.00% 14.13% 0 39
212 212 0.00% 0.00% 13.21% 0 18
213 235 0.00% 0.00% 26.29% 0 14
214 237 0.00% 0.00% 22.01% 0 10
215 247 0.00% 8.33% 13.19% 0 24
216 254 0.00% 0.43% 26.19% 0 133
217 257 0.00% 4.91% 1.78% 0 105
218 259 0.00% 2.35% 9.79% 0 112
219 260 0.00% 0.00% 49.82% 0 24
220 265 0.00% 0.00% 26.62% 0 21
221 272 0.00% 0.52% 22.82% 0 227
222 275 0.00% 0.00% 18.18% 0 24
223 285 0.00% 6.66% 10.95% 0 215
224 289 0.00% 0.00% 67.72% 0 47
225 290 0.00% 8.05% 3.55% 0 30
226 291 0.00% 16.02% 3.20% 0 22
227 297 0.00% 2.27% 16.58% 0 164
average low simi for r-r 0.3 0.106084503985 average high simi for r-ir 0.7 0.110343922263
